{"name": "Feature 2 sample test TC2- Validate change password functionality -- @1.1 ", "status": "broken", "statusDetails": {"message": "selenium.common.exceptions.NoSuchElementException: Message: no such element: Unable to locate element: {\"method\":\"xpath\",\"selector\":\"//a[contains(text(),'Login')]\"}\n  (Session info: chrome=83.0.4103.116)\n\n", "trace": "  File \"c:\\workspace\\behave\\behave_tutorial\\mypython\\lib\\site-packages\\behave\\model.py\", line 1329, in run\n    match.run(runner.context)\n  File \"c:\\workspace\\behave\\behave_tutorial\\mypython\\lib\\site-packages\\behave\\matchers.py\", line 98, in run\n    self.func(context, *args, **kwargs)\n  File \"features\\steps\\StepDefinition.py\", line 104, in step_impl\n    context.driver.find_element_by_xpath(\"//a[contains(text(),'Login')]\").click()\n  File \"c:\\workspace\\behave\\behave_tutorial\\mypython\\lib\\site-packages\\selenium\\webdriver\\remote\\webdriver.py\", line 394, in find_element_by_xpath\n    return self.find_element(by=By.XPATH, value=xpath)\n  File \"c:\\workspace\\behave\\behave_tutorial\\mypython\\lib\\site-packages\\selenium\\webdriver\\remote\\webdriver.py\", line 976, in find_element\n    return self.execute(Command.FIND_ELEMENT, {\n  File \"c:\\workspace\\behave\\behave_tutorial\\mypython\\lib\\site-packages\\selenium\\webdriver\\remote\\webdriver.py\", line 321, in execute\n    self.error_handler.check_response(response)\n  File \"c:\\workspace\\behave\\behave_tutorial\\mypython\\lib\\site-packages\\selenium\\webdriver\\remote\\errorhandler.py\", line 242, in check_response\n    raise exception_class(message, screen, stacktrace)\n"}, "steps": [{"name": "Given user open the second app url", "status": "passed", "start": 1600095700780, "stop": 1600095701100}, {"name": "When Login into application using \"2131110038@cs.ku.edu.kw\" and \"Amnah1234\"", "status": "broken", "statusDetails": {"message": "selenium.common.exceptions.NoSuchElementException: Message: no such element: Unable to locate element: {\"method\":\"xpath\",\"selector\":\"//a[contains(text(),'Login')]\"}\n  (Session info: chrome=83.0.4103.116)\n\n", "trace": "  File \"c:\\workspace\\behave\\behave_tutorial\\mypython\\lib\\site-packages\\behave\\model.py\", line 1329, in run\n    match.run(runner.context)\n  File \"c:\\workspace\\behave\\behave_tutorial\\mypython\\lib\\site-packages\\behave\\matchers.py\", line 98, in run\n    self.func(context, *args, **kwargs)\n  File \"features\\steps\\StepDefinition.py\", line 104, in step_impl\n    context.driver.find_element_by_xpath(\"//a[contains(text(),'Login')]\").click()\n  File \"c:\\workspace\\behave\\behave_tutorial\\mypython\\lib\\site-packages\\selenium\\webdriver\\remote\\webdriver.py\", line 394, in find_element_by_xpath\n    return self.find_element(by=By.XPATH, value=xpath)\n  File \"c:\\workspace\\behave\\behave_tutorial\\mypython\\lib\\site-packages\\selenium\\webdriver\\remote\\webdriver.py\", line 976, in find_element\n    return self.execute(Command.FIND_ELEMENT, {\n  File \"c:\\workspace\\behave\\behave_tutorial\\mypython\\lib\\site-packages\\selenium\\webdriver\\remote\\webdriver.py\", line 321, in execute\n    self.error_handler.check_response(response)\n  File \"c:\\workspace\\behave\\behave_tutorial\\mypython\\lib\\site-packages\\selenium\\webdriver\\remote\\errorhandler.py\", line 242, in check_response\n    raise exception_class(message, screen, stacktrace)\n"}, "start": 1600095701100, "stop": 1600095701121}, {"name": "And Change password to \"pass\"", "status": "skipped", "start": 1600095701123, "stop": 1600095701123}, {"name": "Then Password should be changes sucessfully", "status": "skipped", "start": 1600095701123, "stop": 1600095701123}, {"name": "And Change password back to \"Amnah1234\" from \"pass\" for \"2131110038@cs.ku.edu.kw\"", "status": "skipped", "start": 1600095701123, "stop": 1600095701123}], "parameters": [{"name": "UserID", "value": "2131110038@cs.ku.edu.kw"}, {"name": "Password", "value": "Amnah1234"}, {"name": "new_Password", "value": "pass"}], "start": 1600095700779, "stop": 1600095701123, "uuid": "a02aaa0e-9c58-47bb-9a4f-5d0f9577728a", "historyId": "bfa7120ea093af50fd8788893f3fdbed", "labels": [{"name": "severity", "value": "normal"}, {"name": "tag", "value": "Regression"}, {"name": "tag", "value": "smoke"}, {"name": "feature", "value": "Showing off behave in sampleTest2 feature file"}, {"name": "framework", "value": "behave"}, {"name": "language", "value": "cpython3"}]}