{"name": "Feature 1 sample test TC2- Sample Google search testcase for with parameterization -- @1.1 ", "status": "broken", "statusDetails": {"message": "selenium.common.exceptions.NoSuchElementException: Message: no such element: Unable to locate element: {\"method\":\"xpath\",\"selector\":\"//a[@href='https://www.python.org/']\"}\n  (Session info: chrome=83.0.4103.116)\n\n", "trace": "  File \"c:\\workspace\\behave\\behave_tutorial\\mypython\\lib\\site-packages\\behave\\model.py\", line 1329, in run\n    match.run(runner.context)\n  File \"c:\\workspace\\behave\\behave_tutorial\\mypython\\lib\\site-packages\\behave\\matchers.py\", line 98, in run\n    self.func(context, *args, **kwargs)\n  File \"features\\steps\\StepDefinition.py\", line 67, in step_impl\n    context.driver.find_element_by_xpath(\"//a[@href='https://www.python.org/']\").click()\n  File \"c:\\workspace\\behave\\behave_tutorial\\mypython\\lib\\site-packages\\selenium\\webdriver\\remote\\webdriver.py\", line 394, in find_element_by_xpath\n    return self.find_element(by=By.XPATH, value=xpath)\n  File \"c:\\workspace\\behave\\behave_tutorial\\mypython\\lib\\site-packages\\selenium\\webdriver\\remote\\webdriver.py\", line 976, in find_element\n    return self.execute(Command.FIND_ELEMENT, {\n  File \"c:\\workspace\\behave\\behave_tutorial\\mypython\\lib\\site-packages\\selenium\\webdriver\\remote\\webdriver.py\", line 321, in execute\n    self.error_handler.check_response(response)\n  File \"c:\\workspace\\behave\\behave_tutorial\\mypython\\lib\\site-packages\\selenium\\webdriver\\remote\\errorhandler.py\", line 242, in check_response\n    raise exception_class(message, screen, stacktrace)\n"}, "steps": [{"name": "Given user open the url", "status": "passed", "start": 1600092116153, "stop": 1600092119911}, {"name": "When user search for \"python\"", "status": "passed", "start": 1600092119911, "stop": 1600092121424}, {"name": "And user select \"python.org\" site link", "status": "broken", "statusDetails": {"message": "selenium.common.exceptions.NoSuchElementException: Message: no such element: Unable to locate element: {\"method\":\"xpath\",\"selector\":\"//a[@href='https://www.python.org/']\"}\n  (Session info: chrome=83.0.4103.116)\n\n", "trace": "  File \"c:\\workspace\\behave\\behave_tutorial\\mypython\\lib\\site-packages\\behave\\model.py\", line 1329, in run\n    match.run(runner.context)\n  File \"c:\\workspace\\behave\\behave_tutorial\\mypython\\lib\\site-packages\\behave\\matchers.py\", line 98, in run\n    self.func(context, *args, **kwargs)\n  File \"features\\steps\\StepDefinition.py\", line 67, in step_impl\n    context.driver.find_element_by_xpath(\"//a[@href='https://www.python.org/']\").click()\n  File \"c:\\workspace\\behave\\behave_tutorial\\mypython\\lib\\site-packages\\selenium\\webdriver\\remote\\webdriver.py\", line 394, in find_element_by_xpath\n    return self.find_element(by=By.XPATH, value=xpath)\n  File \"c:\\workspace\\behave\\behave_tutorial\\mypython\\lib\\site-packages\\selenium\\webdriver\\remote\\webdriver.py\", line 976, in find_element\n    return self.execute(Command.FIND_ELEMENT, {\n  File \"c:\\workspace\\behave\\behave_tutorial\\mypython\\lib\\site-packages\\selenium\\webdriver\\remote\\webdriver.py\", line 321, in execute\n    self.error_handler.check_response(response)\n  File \"c:\\workspace\\behave\\behave_tutorial\\mypython\\lib\\site-packages\\selenium\\webdriver\\remote\\errorhandler.py\", line 242, in check_response\n    raise exception_class(message, screen, stacktrace)\n"}, "start": 1600092121425, "stop": 1600092121475}, {"name": "Then the title should be \"Welcome to Python.org\"", "status": "skipped", "start": 1600092121476, "stop": 1600092121476}], "parameters": [{"name": "search_text", "value": "python"}, {"name": "Title", "value": "Welcome to Python.org"}, {"name": "link", "value": "python.org"}], "start": 1600092116152, "stop": 1600092121476, "uuid": "efd5df24-fcd1-412e-bb3f-79061068bded", "historyId": "8acb91279c06db0141ad5a2f571bbb4c", "labels": [{"name": "severity", "value": "normal"}, {"name": "tag", "value": "Regression"}, {"name": "tag", "value": "Sanity"}, {"name": "tag", "value": "fixture.browser.Chrome"}, {"name": "feature", "value": "Showing off behave  in sampleTest1 feature file"}, {"name": "framework", "value": "behave"}, {"name": "language", "value": "cpython3"}]}