{"name": "Feature 1 sample test TC2- Sample Google search testcase for with parameterization -- @1.2 ", "status": "broken", "statusDetails": {"message": "selenium.common.exceptions.NoSuchElementException: Message: no such element: Unable to locate element: {\"method\":\"xpath\",\"selector\":\"//a[@href='https://en.wikipedia.org/wiki/India']\"}\n  (Session info: chrome=83.0.4103.116)\n\n", "trace": "  File \"c:\\workspace\\behave\\behave_tutorial\\mypython\\lib\\site-packages\\behave\\model.py\", line 1329, in run\n    match.run(runner.context)\n  File \"c:\\workspace\\behave\\behave_tutorial\\mypython\\lib\\site-packages\\behave\\matchers.py\", line 98, in run\n    self.func(context, *args, **kwargs)\n  File \"features\\steps\\StepDefinition.py\", line 65, in step_impl\n    context.driver.find_element_by_xpath(\"//a[@href='https://en.wikipedia.org/wiki/India']\").click()\n  File \"c:\\workspace\\behave\\behave_tutorial\\mypython\\lib\\site-packages\\selenium\\webdriver\\remote\\webdriver.py\", line 394, in find_element_by_xpath\n    return self.find_element(by=By.XPATH, value=xpath)\n  File \"c:\\workspace\\behave\\behave_tutorial\\mypython\\lib\\site-packages\\selenium\\webdriver\\remote\\webdriver.py\", line 976, in find_element\n    return self.execute(Command.FIND_ELEMENT, {\n  File \"c:\\workspace\\behave\\behave_tutorial\\mypython\\lib\\site-packages\\selenium\\webdriver\\remote\\webdriver.py\", line 321, in execute\n    self.error_handler.check_response(response)\n  File \"c:\\workspace\\behave\\behave_tutorial\\mypython\\lib\\site-packages\\selenium\\webdriver\\remote\\errorhandler.py\", line 242, in check_response\n    raise exception_class(message, screen, stacktrace)\n"}, "steps": [{"name": "Given user open the url", "status": "passed", "start": 1600092121479, "stop": 1600092122056}, {"name": "When user search for \"India\"", "status": "passed", "start": 1600092122057, "stop": 1600092123592}, {"name": "And user select \"wikipedia\" site link", "status": "broken", "statusDetails": {"message": "selenium.common.exceptions.NoSuchElementException: Message: no such element: Unable to locate element: {\"method\":\"xpath\",\"selector\":\"//a[@href='https://en.wikipedia.org/wiki/India']\"}\n  (Session info: chrome=83.0.4103.116)\n\n", "trace": "  File \"c:\\workspace\\behave\\behave_tutorial\\mypython\\lib\\site-packages\\behave\\model.py\", line 1329, in run\n    match.run(runner.context)\n  File \"c:\\workspace\\behave\\behave_tutorial\\mypython\\lib\\site-packages\\behave\\matchers.py\", line 98, in run\n    self.func(context, *args, **kwargs)\n  File \"features\\steps\\StepDefinition.py\", line 65, in step_impl\n    context.driver.find_element_by_xpath(\"//a[@href='https://en.wikipedia.org/wiki/India']\").click()\n  File \"c:\\workspace\\behave\\behave_tutorial\\mypython\\lib\\site-packages\\selenium\\webdriver\\remote\\webdriver.py\", line 394, in find_element_by_xpath\n    return self.find_element(by=By.XPATH, value=xpath)\n  File \"c:\\workspace\\behave\\behave_tutorial\\mypython\\lib\\site-packages\\selenium\\webdriver\\remote\\webdriver.py\", line 976, in find_element\n    return self.execute(Command.FIND_ELEMENT, {\n  File \"c:\\workspace\\behave\\behave_tutorial\\mypython\\lib\\site-packages\\selenium\\webdriver\\remote\\webdriver.py\", line 321, in execute\n    self.error_handler.check_response(response)\n  File \"c:\\workspace\\behave\\behave_tutorial\\mypython\\lib\\site-packages\\selenium\\webdriver\\remote\\errorhandler.py\", line 242, in check_response\n    raise exception_class(message, screen, stacktrace)\n"}, "start": 1600092123593, "stop": 1600092123659}, {"name": "Then the title should be \"India - Wikipedia\"", "status": "skipped", "start": 1600092123660, "stop": 1600092123660}], "parameters": [{"name": "search_text", "value": "India"}, {"name": "Title", "value": "India - Wikipedia"}, {"name": "link", "value": "wikipedia"}], "start": 1600092121478, "stop": 1600092123660, "uuid": "f1f61a49-7eac-441e-a4e9-a793ff6a0978", "historyId": "861a787073cda65822ee73897d264ad9", "labels": [{"name": "severity", "value": "normal"}, {"name": "tag", "value": "Regression"}, {"name": "tag", "value": "Sanity"}, {"name": "tag", "value": "fixture.browser.Chrome"}, {"name": "feature", "value": "Showing off behave  in sampleTest1 feature file"}, {"name": "framework", "value": "behave"}, {"name": "language", "value": "cpython3"}]}